
> ecommerce-platform-backend@1.0.0 start:dev
> nest start --watch

[2J[3J[H[[90m6:55:43 PM[0m] Starting compilation in watch mode...

[96msrc/app.module.ts[0m:[93m44[0m:[93m27[0m - [91merror[0m[90m TS2558: [0mExpected 0 type arguments, but got 1.

[7m44[0m     GraphQLModule.forRoot<ApolloDriverConfig>({
[7m  [0m [91m                          ~~~~~~~~~~~~~~~~~~[0m

[96msrc/common/cache/cache.service.ts[0m:[93m1[0m:[93m10[0m - [91merror[0m[90m TS2305: [0mModule '"@nestjs/cache-manager"' has no exported member 'CACHE_MANAGER'.

[7m1[0m import { CACHE_MANAGER } from '@nestjs/cache-manager';
[7m [0m [91m         ~~~~~~~~~~~~~[0m

[96msrc/i18n-generated/i18n.generated.ts[0m:[93m54[0m:[93m24[0m - [91merror[0m[90m TS2749: [0m'Path' refers to a value, but is being used as a type here. Did you mean 'typeof Path'?

[7m54[0m export type I18nPath = Path<I18nTranslations>;
[7m  [0m [91m                       ~~~~[0m

[96msrc/test-simple.ts[0m:[93m10[0m:[93m37[0m - [91merror[0m[90m TS2554: [0mExpected 0 arguments, but got 1.

[7m10[0m   const jwtService = new JwtService({});
[7m  [0m [91m                                    ~~[0m

[[90m6:55:50 PM[0m] Found 4 errors. Watching for file changes.

[2J[3J[H[[90m6:57:16 PM[0m] File change detected. Starting incremental compilation...

[96msrc/app.module.ts[0m:[93m44[0m:[93m27[0m - [91merror[0m[90m TS2558: [0mExpected 0 type arguments, but got 1.

[7m44[0m     GraphQLModule.forRoot<ApolloDriverConfig>({
[7m  [0m [91m                          ~~~~~~~~~~~~~~~~~~[0m

[96msrc/i18n-generated/i18n.generated.ts[0m:[93m54[0m:[93m24[0m - [91merror[0m[90m TS2749: [0m'Path' refers to a value, but is being used as a type here. Did you mean 'typeof Path'?

[7m54[0m export type I18nPath = Path<I18nTranslations>;
[7m  [0m [91m                       ~~~~[0m

[96msrc/test-simple.ts[0m:[93m10[0m:[93m37[0m - [91merror[0m[90m TS2554: [0mExpected 0 arguments, but got 1.

[7m10[0m   const jwtService = new JwtService({});
[7m  [0m [91m                                    ~~[0m

[[90m6:57:20 PM[0m] Found 3 errors. Watching for file changes.

[2J[3J[H[[90m6:57:42 PM[0m] File change detected. Starting incremental compilation...

[96msrc/app.module.ts[0m:[93m44[0m:[93m27[0m - [91merror[0m[90m TS2558: [0mExpected 0 type arguments, but got 1.

[7m44[0m     GraphQLModule.forRoot<ApolloDriverConfig>({
[7m  [0m [91m                          ~~~~~~~~~~~~~~~~~~[0m

[96msrc/i18n-generated/i18n.generated.ts[0m:[93m54[0m:[93m24[0m - [91merror[0m[90m TS2749: [0m'Path' refers to a value, but is being used as a type here. Did you mean 'typeof Path'?

[7m54[0m export type I18nPath = Path<I18nTranslations>;
[7m  [0m [91m                       ~~~~[0m

[[90m6:57:45 PM[0m] Found 2 errors. Watching for file changes.